# JRE version: Java(TM) SE Runtime Environment (11.0.5+10) (build 11.0.5+10-LTS)
# Java VM: Java HotSpot(TM) 64-Bit Server VM (11.0.5+10-LTS, mixed mode, tiered, compressed oops, g1 gc, windows-amd64)
Heap:
 garbage-first heap   total 40960K, used 12530K [0x00000000a0e00000, 0x0000000100000000)
  region size 1024K, 6 young (6144K), 1 survivors (1024K)
 Metaspace       used 15079K, capacity 15423K, committed 15616K, reserved 1062912K
  class space    used 1595K, capacity 1715K, committed 1792K, reserved 1048576K
GC Heap History (10 events):
Event: 0.909 GC heap before
{Heap before GC invocations=13 (full 0):
 garbage-first heap   total 13312K, used 6954K [0x00000000a0e00000, 0x0000000100000000)
  region size 1024K, 3 young (3072K), 1 survivors (1024K)
 Metaspace       used 13893K, capacity 14226K, committed 14464K, reserved 1062912K
  class space    used 1489K, capacity 1576K, committed 1664K, reserved 1048576K
}
Event: 0.913 GC heap after
{Heap after GC invocations=14 (full 0):
 garbage-first heap   total 19456K, used 4991K [0x00000000a0e00000, 0x0000000100000000)
  region size 1024K, 1 young (1024K), 1 survivors (1024K)
 Metaspace       used 13893K, capacity 14226K, committed 14464K, reserved 1062912K
  class space    used 1489K, capacity 1576K, committed 1664K, reserved 1048576K
}
Event: 0.946 GC heap before
{Heap before GC invocations=14 (full 0):
 garbage-first heap   total 19456K, used 9087K [0x00000000a0e00000, 0x0000000100000000)
  region size 1024K, 5 young (5120K), 1 survivors (1024K)
 Metaspace       used 13919K, capacity 14226K, committed 14464K, reserved 1062912K
  class space    used 1490K, capacity 1576K, committed 1664K, reserved 1048576K
}
Event: 0.950 GC heap after
{Heap after GC invocations=15 (full 0):
 garbage-first heap   total 19456K, used 5711K [0x00000000a0e00000, 0x0000000100000000)
  region size 1024K, 1 young (1024K), 1 survivors (1024K)
 Metaspace       used 13919K, capacity 14226K, committed 14464K, reserved 1062912K
  class space    used 1490K, capacity 1576K, committed 1664K, reserved 1048576K
}
Event: 1.081 GC heap before
{Heap before GC invocations=15 (full 0):
 garbage-first heap   total 19456K, used 9807K [0x00000000a0e00000, 0x0000000100000000)
  region size 1024K, 5 young (5120K), 1 survivors (1024K)
 Metaspace       used 13975K, capacity 14237K, committed 14464K, reserved 1062912K
  class space    used 1493K, capacity 1579K, committed 1664K, reserved 1048576K
}
Event: 1.086 GC heap after
{Heap after GC invocations=16 (full 0):
 garbage-first heap   total 19456K, used 6625K [0x00000000a0e00000, 0x0000000100000000)
  region size 1024K, 1 young (1024K), 1 survivors (1024K)
 Metaspace       used 13975K, capacity 14237K, committed 14464K, reserved 1062912K
  class space    used 1493K, capacity 1579K, committed 1664K, reserved 1048576K
}
Event: 1.195 GC heap before
{Heap before GC invocations=16 (full 0):
 garbage-first heap   total 19456K, used 10721K [0x00000000a0e00000, 0x0000000100000000)
  region size 1024K, 5 young (5120K), 1 survivors (1024K)
 Metaspace       used 14292K, capacity 14656K, committed 14720K, reserved 1062912K
  class space    used 1525K, capacity 1633K, committed 1664K, reserved 1048576K
}
Event: 1.204 GC heap after
{Heap after GC invocations=17 (full 0):
 garbage-first heap   total 19456K, used 7590K [0x00000000a0e00000, 0x0000000100000000)
  region size 1024K, 1 young (1024K), 1 survivors (1024K)
 Metaspace       used 14292K, capacity 14656K, committed 14720K, reserved 1062912K
  class space    used 1525K, capacity 1633K, committed 1664K, reserved 1048576K
}
Event: 1.366 GC heap before
{Heap before GC invocations=17 (full 0):
 garbage-first heap   total 19456K, used 11686K [0x00000000a0e00000, 0x0000000100000000)
  region size 1024K, 5 young (5120K), 1 survivors (1024K)
 Metaspace       used 14836K, capacity 15227K, committed 15360K, reserved 1062912K
  class space    used 1571K, capacity 1714K, committed 1792K, reserved 1048576K
}
Event: 1.374 GC heap after
{Heap after GC invocations=18 (full 0):
 garbage-first heap   total 40960K, used 8434K [0x00000000a0e00000, 0x0000000100000000)
  region size 1024K, 1 young (1024K), 1 survivors (1024K)
 Metaspace       used 14836K, capacity 15227K, committed 15360K, reserved 1062912K
  class space    used 1571K, capacity 1714K, committed 1792K, reserved 1048576K
}

